<?xml version="1.0" encoding="UTF-8"?>
<testsuite name="com.restful.booker.cucumber.CucumberRunner" time="1.363" tests="27" errors="0" skipped="0" failures="0">
  <properties>
[...]
</properties>
  <testcase name="When I send POST request to create a new booking with firstName&quot;Manan&quot;, lastName&quot;Shah&quot;, totalprice &quot;800&quot;, depositpaid &quot;yes&quot;, checkin &quot;2024-09-01&quot;, checkout&quot;2024-12-02&quot; additionalneeds &quot;veg food&quot;" classname="| Manan | Shah | 800 | yes | 2024-09-01 | 2024-12-02 | veg food |" time="0.004"/>
  <testcase name="Then I verfiy that new booking is created by id" classname="| Manan | Shah | 800 | yes | 2024-09-01 | 2024-12-02 | veg food |" time="0"/>
  <testcase name="And I send a Put request with  firstName&quot;Manan&quot;, lastName&quot;Shah&quot;, totalprice &quot;800&quot;, depositpaid &quot;yes&quot;, checkin &quot;2024-09-01&quot;, checkout&quot;2024-12-02&quot; additionalneeds &quot;veg food&quot;" classname="| Manan | Shah | 800 | yes | 2024-09-01 | 2024-12-02 | veg food |" time="0"/>
  <testcase name="And The totalprice &quot;800&quot; is successfully updated" classname="| Manan | Shah | 800 | yes | 2024-09-01 | 2024-12-02 | veg food |" time="0"/>
  <testcase name="And I send delete booking by id" classname="| Manan | Shah | 800 | yes | 2024-09-01 | 2024-12-02 | veg food |" time="0"/>
  <testcase name="Then The booking is successfully deleted from the record" classname="| Manan | Shah | 800 | yes | 2024-09-01 | 2024-12-02 | veg food |" time="0"/>
  <testcase name="| Manan | Shah | 800 | yes | 2024-09-01 | 2024-12-02 | veg food |" classname="| Manan | Shah | 800 | yes | 2024-09-01 | 2024-12-02 | veg food |" time="0.006"/>
  <testcase name="When I send POST request to create a new booking with firstName&quot;Robert&quot;, lastName&quot;Taylor&quot;, totalprice &quot;400&quot;, depositpaid &quot;yes&quot;, checkin &quot;2025-04-07&quot;, checkout&quot;2025-04-08&quot; additionalneeds &quot;veg food&quot;" classname="| Robert | Taylor | 400 | yes | 2025-04-07 | 2025-04-08 | veg food |" time="0.001"/>
  <testcase name="Then I verfiy that new booking is created by id" classname="| Robert | Taylor | 400 | yes | 2025-04-07 | 2025-04-08 | veg food |" time="0"/>
  <testcase name="And I send a Put request with  firstName&quot;Robert&quot;, lastName&quot;Taylor&quot;, totalprice &quot;400&quot;, depositpaid &quot;yes&quot;, checkin &quot;2025-04-07&quot;, checkout&quot;2025-04-08&quot; additionalneeds &quot;veg food&quot;" classname="| Robert | Taylor | 400 | yes | 2025-04-07 | 2025-04-08 | veg food |" time="0"/>
  <testcase name="And The totalprice &quot;400&quot; is successfully updated" classname="| Robert | Taylor | 400 | yes | 2025-04-07 | 2025-04-08 | veg food |" time="0"/>
  <testcase name="And I send delete booking by id" classname="| Robert | Taylor | 400 | yes | 2025-04-07 | 2025-04-08 | veg food |" time="0"/>
  <testcase name="Then The booking is successfully deleted from the record" classname="| Robert | Taylor | 400 | yes | 2025-04-07 | 2025-04-08 | veg food |" time="0"/>
  <testcase name="| Robert | Taylor | 400 | yes | 2025-04-07 | 2025-04-08 | veg food |" classname="| Robert | Taylor | 400 | yes | 2025-04-07 | 2025-04-08 | veg food |" time="1.117"/>
  <testcase name="When I send a GET request to booking endpoint" classname="Scenario: Check if user can access all booking Ids" time="0"/>
  <testcase name="Then I must get back a valid response code 200" classname="Scenario: Check if user can access all booking Ids" time="0"/>
  <testcase name="Scenario: Check if user can access all booking Ids" classname="Scenario: Check if user can access all booking Ids" time="0.058"/>
  <testcase name="When I send a POST request to create a new booking with firstName&quot;Manan&quot;, lastName&quot;Shah&quot;, totalprice &quot;100&quot;, depositpaid &quot;yes&quot;, checkin &quot;2024-11-05&quot;, checkout&quot;2024-11-08&quot; additionalneeds &quot;veg food&quot;" classname="| Manan | Shah | 100 | yes | 2024-11-05 | 2024-11-08 | veg food |" time="0"/>
  <testcase name="Then I must get back a valid response code 201" classname="| Manan | Shah | 100 | yes | 2024-11-05 | 2024-11-08 | veg food |" time="0"/>
  <testcase name="And I verify that new booking is created by &lt;&quot;id&quot;&gt;" classname="| Manan | Shah | 100 | yes | 2024-11-05 | 2024-11-08 | veg food |" time="0"/>
  <testcase name="| Manan | Shah | 100 | yes | 2024-11-05 | 2024-11-08 | veg food |" classname="| Manan | Shah | 100 | yes | 2024-11-05 | 2024-11-08 | veg food |" time="0.062"/>
  <testcase name="When I send Put request with  firstName&quot;&lt;firstName&gt;&quot;, lastName&quot;&lt;lastName&gt;&quot;, totalprice &quot;&lt;totalprice&gt;&quot;, depositpaid &quot;&lt;depositpaid&gt;&quot;, checkin &quot;&lt;checkin&gt;&quot;, checkout&quot;&lt;checkout&gt;&quot; additionalneeds &quot;&lt;additionalneeds&gt;&quot;" classname="Scenario: Check if user can update an existing booking" time="0"/>
  <testcase name="Then I must get back a valid response code 200" classname="Scenario: Check if user can update an existing booking" time="0"/>
  <testcase name="Scenario: Check if user can update an existing booking" classname="Scenario: Check if user can update an existing booking" time="0.058"/>
  <testcase name="When I send delete requested id" classname="Scenario: Check if user can delete an existing record" time="0"/>
  <testcase name="Then I should see the response code 201" classname="Scenario: Check if user can delete an existing record" time="0"/>
  <testcase name="Scenario: Check if user can delete an existing record" classname="Scenario: Check if user can delete an existing record" time="0.057"/>
</testsuite>